<?xml version="1.0" encoding="UTF-8"?>
<!-- Generated by org.testng.reporters.JUnitXMLReporter -->
<testsuite ignored="0" hostname="DESKTOP-781TC0U" failures="0" tests="3" name="Default test" time="43.222" errors="0" timestamp="2022-04-17T23:29:11 EDT">
  <testcase classname="LoginTest.MainFM.TestCase_LogInOrangeHRM" name="login_TestCase" time="2.101"/>
  <testcase classname="LoginTest.MainFM.TestCase_LogInOrangeHRM" name="login_TestCase" time="1.123"/>
  <testcase classname="LoginTest.MainFM.TestCase_LogInOrangeHRM" name="login_TestCase" time="0.25"/>
</testsuite> <!-- Default test -->
